0 verbose cli /usr/local/bin/node /usr/local/bin/npm
1 info using npm@9.6.7
2 info using node@v18.17.1
3 timing npm:load:whichnode Completed in 2ms
4 timing config:load:defaults Completed in 3ms
5 timing config:load:file:/usr/local/lib/node_modules/npm/npmrc Completed in 1ms
6 timing config:load:builtin Completed in 1ms
7 timing config:load:cli Completed in 4ms
8 timing config:load:env Completed in 1ms
9 timing config:load:project Completed in 10ms
10 timing config:load:file:/Users/yeison/.npmrc Completed in 0ms
11 timing config:load:user Completed in 0ms
12 timing config:load:file:/usr/local/etc/npmrc Completed in 2ms
13 timing config:load:global Completed in 2ms
14 timing config:load:setEnvs Completed in 2ms
15 timing config:load Completed in 24ms
16 timing npm:load:configload Completed in 24ms
17 timing npm:load:mkdirpcache Completed in 0ms
18 timing npm:load:mkdirplogs Completed in 1ms
19 verbose title npm install npm@latest
20 verbose argv "install" "--global" "npm@latest"
21 timing npm:load:setTitle Completed in 33ms
22 timing config:load:flatten Completed in 5ms
23 timing npm:load:display Completed in 8ms
24 verbose logfile logs-max:10 dir:/Users/yeison/Desktop/proyectos/ChatTiempoRealKonecta/C:tmpnodejsnpm-cache/_logs/2025-05-23T15_24_37_107Z-
25 verbose logfile /Users/yeison/Desktop/proyectos/ChatTiempoRealKonecta/C:tmpnodejsnpm-cache/_logs/2025-05-23T15_24_37_107Z-debug-0.log
26 timing npm:load:logFile Completed in 17ms
27 timing npm:load:timers Completed in 0ms
28 timing npm:load:configScope Completed in 0ms
29 timing npm:load Completed in 86ms
30 timing config:load:flatten Completed in 1ms
31 silly logfile done cleaning log files
32 http fetch GET 200 https://registry.npmjs.org/npm 46ms (cache hit)
33 timing command:install Completed in 94ms
34 verbose stack Error: Unsupported engine
34 verbose stack     at Object.checkEngine (/usr/local/lib/node_modules/npm/node_modules/npm-install-checks/lib/index.js:14:25)
34 verbose stack     at Install.exec (/usr/local/lib/node_modules/npm/lib/commands/install.js:110:16)
34 verbose stack     at async module.exports (/usr/local/lib/node_modules/npm/lib/cli.js:89:5)
35 verbose pkgid npm@11.4.1
36 verbose cwd /Users/yeison/Desktop/proyectos/ChatTiempoRealKonecta
37 verbose Darwin 24.4.0
38 verbose node v18.17.1
39 verbose npm  v9.6.7
40 error code EBADENGINE
41 error engine Unsupported engine
42 error engine Not compatible with your version of node/npm: npm@11.4.1
43 error notsup Not compatible with your version of node/npm: npm@11.4.1
43 error notsup Required: {"node":"^20.17.0 || >=22.9.0"}
43 error notsup Actual:   {"npm":"9.6.7","node":"v18.17.1"}
44 verbose exit 1
45 timing npm Completed in 627ms
46 verbose code 1
47 error A complete log of this run can be found in: /Users/yeison/Desktop/proyectos/ChatTiempoRealKonecta/C:tmpnodejsnpm-cache/_logs/2025-05-23T15_24_37_107Z-debug-0.log
