0 verbose cli /usr/local/bin/node /usr/local/bin/npm
1 info using npm@9.6.7
2 info using node@v18.17.1
3 timing npm:load:whichnode Completed in 3ms
4 timing config:load:defaults Completed in 3ms
5 timing config:load:file:/usr/local/lib/node_modules/npm/npmrc Completed in 1ms
6 timing config:load:builtin Completed in 1ms
7 timing config:load:cli Completed in 4ms
8 timing config:load:env Completed in 1ms
9 timing config:load:file:/Users/yeison/Desktop/proyectos/ChatTiempoRealKonecta/.npmrc Completed in 0ms
10 timing config:load:project Completed in 2ms
11 timing config:load:file:/Users/yeison/.npmrc Completed in 0ms
12 timing config:load:user Completed in 0ms
13 timing config:load:file:/usr/local/etc/npmrc Completed in 3ms
14 timing config:load:global Completed in 3ms
15 timing config:load:setEnvs Completed in 1ms
16 timing config:load Completed in 17ms
17 timing npm:load:configload Completed in 17ms
18 timing npm:load:mkdirpcache Completed in 0ms
19 timing npm:load:mkdirplogs Completed in 1ms
20 verbose title npm install
21 verbose argv "install"
22 timing npm:load:setTitle Completed in 42ms
23 timing config:load:flatten Completed in 5ms
24 timing npm:load:display Completed in 7ms
25 verbose logfile logs-max:10 dir:/Users/yeison/Desktop/proyectos/ChatTiempoRealKonecta/C:tmpnodejsnpm-cache/_logs/2025-05-22T07_18_07_742Z-
26 verbose logfile /Users/yeison/Desktop/proyectos/ChatTiempoRealKonecta/C:tmpnodejsnpm-cache/_logs/2025-05-22T07_18_07_742Z-debug-0.log
27 timing npm:load:logFile Completed in 23ms
28 timing npm:load:timers Completed in 0ms
29 timing npm:load:configScope Completed in 0ms
30 timing npm:load Completed in 93ms
31 timing config:load:flatten Completed in 2ms
32 timing arborist:ctor Completed in 1ms
33 timing idealTree:init Completed in 19ms
34 timing idealTree:userRequests Completed in 1ms
35 silly idealTree buildDeps
36 timing idealTree:#root Completed in 0ms
37 timing idealTree:buildDeps Completed in 2ms
38 timing idealTree:fixDepFlags Completed in 0ms
39 timing idealTree Completed in 24ms
40 silly logfile done cleaning log files
41 timing reify:loadTrees Completed in 33ms
42 timing reify:diffTrees Completed in 1ms
43 silly reify moves {}
44 timing reify:retireShallow Completed in 1ms
45 timing reify:createSparse Completed in 0ms
46 timing reify:loadBundles Completed in 0ms
47 timing reify:unpack Completed in 0ms
48 timing reify:unretire Completed in 0ms
49 timing build:queue Completed in 0ms
50 timing build:deps Completed in 1ms
51 timing build Completed in 1ms
52 timing reify:build Completed in 1ms
53 timing reify:trash Completed in 0ms
54 timing reify:save Completed in 5ms
55 timing reify Completed in 145ms
56 timing command:install Completed in 154ms
57 verbose stack Error: ENOENT: no such file or directory, open '/Users/yeison/Desktop/proyectos/ChatTiempoRealKonecta/package.json'
58 verbose cwd /Users/yeison/Desktop/proyectos/ChatTiempoRealKonecta
59 verbose Darwin 24.4.0
60 verbose node v18.17.1
61 verbose npm  v9.6.7
62 error code ENOENT
63 error syscall open
64 error path /Users/yeison/Desktop/proyectos/ChatTiempoRealKonecta/package.json
65 error errno -2
66 error enoent ENOENT: no such file or directory, open '/Users/yeison/Desktop/proyectos/ChatTiempoRealKonecta/package.json'
67 error enoent This is related to npm not being able to find a file.
67 error enoent
68 verbose exit -2
69 timing npm Completed in 589ms
70 verbose code -2
71 error A complete log of this run can be found in: /Users/yeison/Desktop/proyectos/ChatTiempoRealKonecta/C:tmpnodejsnpm-cache/_logs/2025-05-22T07_18_07_742Z-debug-0.log
