0 verbose cli /usr/local/bin/node /usr/local/bin/npm
1 info using npm@9.6.7
2 info using node@v18.17.1
3 timing npm:load:whichnode Completed in 2ms
4 timing config:load:defaults Completed in 3ms
5 timing config:load:file:/usr/local/lib/node_modules/npm/npmrc Completed in 0ms
6 timing config:load:builtin Completed in 1ms
7 timing config:load:cli Completed in 2ms
8 timing config:load:env Completed in 1ms
9 timing config:load:file:/Users/yeison/Desktop/proyectos/ChatTiempoRealKonecta/.npmrc Completed in 0ms
10 timing config:load:project Completed in 3ms
11 timing config:load:file:/Users/yeison/.npmrc Completed in 0ms
12 timing config:load:user Completed in 0ms
13 timing config:load:file:/usr/local/etc/npmrc Completed in 2ms
14 timing config:load:global Completed in 3ms
15 timing config:load:setEnvs Completed in 1ms
16 timing config:load Completed in 14ms
17 timing npm:load:configload Completed in 14ms
18 timing npm:load:mkdirpcache Completed in 0ms
19 timing npm:load:mkdirplogs Completed in 1ms
20 verbose title npm create vite@latest FrontEnd --template react
21 verbose argv "create" "vite@latest" "FrontEnd" "--" "--template" "react"
22 timing npm:load:setTitle Completed in 38ms
23 timing config:load:flatten Completed in 5ms
24 timing npm:load:display Completed in 7ms
25 verbose logfile logs-max:10 dir:/Users/yeison/Desktop/proyectos/ChatTiempoRealKonecta/C:tmpnodejsnpm-cache/_logs/2025-05-23T15_22_19_853Z-
26 verbose logfile /Users/yeison/Desktop/proyectos/ChatTiempoRealKonecta/C:tmpnodejsnpm-cache/_logs/2025-05-23T15_22_19_853Z-debug-0.log
27 timing npm:load:logFile Completed in 20ms
28 timing npm:load:timers Completed in 0ms
29 timing npm:load:configScope Completed in 0ms
30 timing npm:load Completed in 82ms
31 timing arborist:ctor Completed in 1ms
32 silly logfile done cleaning log files
33 http fetch GET 200 https://registry.npmjs.org/create-vite 361ms (cache miss)
34 timing arborist:ctor Completed in 1ms
35 http fetch GET 200 https://registry.npmjs.org/npm 513ms (cache miss)
36 timing arborist:ctor Completed in 3ms
37 timing idealTree:init Completed in 18ms
38 timing idealTree:userRequests Completed in 5ms
39 silly idealTree buildDeps
40 silly fetch manifest create-vite@6.5.0
41 http fetch GET 200 https://registry.npmjs.org/create-vite 12ms (cache hit)
42 silly placeDep ROOT create-vite@6.5.0 OK for:  want: 6.5.0
43 timing idealTree:#root Completed in 26ms
44 timing idealTree:node_modules/create-vite Completed in 0ms
45 timing idealTree:buildDeps Completed in 28ms
46 timing idealTree:fixDepFlags Completed in 1ms
47 timing idealTree Completed in 55ms
48 timing reify:loadTrees Completed in 55ms
49 timing reify:diffTrees Completed in 2ms
50 silly reify moves {}
51 timing reify:retireShallow Completed in 2ms
52 timing reify:createSparse Completed in 16ms
53 timing reify:loadBundles Completed in 0ms
54 silly audit bulk request { 'create-vite': [ '6.5.0' ] }
55 silly tarball no local data for create-vite@https://registry.npmjs.org/create-vite/-/create-vite-6.5.0.tgz. Extracting by manifest.
56 http fetch POST 200 https://registry.npmjs.org/-/npm/v1/security/advisories/bulk 194ms
57 timing auditReport:getReport Completed in 197ms
58 silly audit report {}
59 timing auditReport:init Completed in 0ms
60 timing reify:audit Completed in 199ms
61 http fetch GET 200 https://registry.npmjs.org/create-vite/-/create-vite-6.5.0.tgz 349ms (cache miss)
62 timing reifyNode:node_modules/create-vite Completed in 364ms
63 timing reify:unpack Completed in 364ms
64 timing reify:unretire Completed in 0ms
65 timing build:queue Completed in 0ms
66 timing build:link:node_modules/create-vite Completed in 5ms
67 timing build:link Completed in 5ms
68 timing build:deps Completed in 6ms
69 timing build Completed in 8ms
70 timing reify:build Completed in 8ms
71 timing reify:trash Completed in 0ms
72 timing reify:save Completed in 9ms
73 timing reify Completed in 475ms
74 timing command:create Completed in 7902ms
75 notice
75 notice New [31mmajor[39m version of npm available! [31m9.6.7[39m -> [32m11.4.1[39m
75 notice Changelog: [36mhttps://github.com/npm/cli/releases/tag/v11.4.1[39m
75 notice Run [32mnpm install -g npm@11.4.1[39m to update!
75 notice
76 verbose stack Error: command failed
76 verbose stack     at ChildProcess.<anonymous> (/usr/local/lib/node_modules/npm/node_modules/@npmcli/promise-spawn/lib/index.js:53:27)
76 verbose stack     at ChildProcess.emit (node:events:514:28)
76 verbose stack     at maybeClose (node:internal/child_process:1091:16)
76 verbose stack     at ChildProcess._handle.onexit (node:internal/child_process:302:5)
77 verbose cwd /Users/yeison/Desktop/proyectos/ChatTiempoRealKonecta
78 verbose Darwin 24.4.0
79 verbose node v18.17.1
80 verbose npm  v9.6.7
81 error code 127
82 error path /Users/yeison/Desktop/proyectos/ChatTiempoRealKonecta
83 error command failed
84 error command sh -c create-vite FrontEnd --template react
85 verbose exit 127
86 timing npm Completed in 8387ms
87 verbose code 127
88 error A complete log of this run can be found in: /Users/yeison/Desktop/proyectos/ChatTiempoRealKonecta/C:tmpnodejsnpm-cache/_logs/2025-05-23T15_22_19_853Z-debug-0.log
