0 verbose cli /usr/local/bin/node /usr/local/bin/npm
1 info using npm@9.6.7
2 info using node@v18.17.1
3 timing npm:load:whichnode Completed in 3ms
4 timing config:load:defaults Completed in 2ms
5 timing config:load:file:/usr/local/lib/node_modules/npm/npmrc Completed in 7ms
6 timing config:load:builtin Completed in 8ms
7 timing config:load:cli Completed in 3ms
8 timing config:load:env Completed in 1ms
9 timing config:load:file:/Users/yeison/Desktop/proyectos/ChatTiempoRealKonecta/BackEnd/.npmrc Completed in 0ms
10 timing config:load:project Completed in 201ms
11 timing config:load:file:/Users/yeison/.npmrc Completed in 1ms
12 timing config:load:user Completed in 1ms
13 timing config:load:file:/usr/local/etc/npmrc Completed in 3ms
14 timing config:load:global Completed in 4ms
15 timing config:load:setEnvs Completed in 1ms
16 timing config:load Completed in 223ms
17 timing npm:load:configload Completed in 223ms
18 timing npm:load:mkdirpcache Completed in 1ms
19 timing npm:load:mkdirplogs Completed in 0ms
20 verbose title npm run dev
21 verbose argv "run" "dev"
22 timing npm:load:setTitle Completed in 199ms
23 timing config:load:flatten Completed in 5ms
24 timing npm:load:display Completed in 8ms
25 verbose logfile logs-max:10 dir:/Users/yeison/Desktop/proyectos/ChatTiempoRealKonecta/BackEnd/C:tmpnodejsnpm-cache/_logs/2025-05-22T09_22_47_320Z-
26 verbose logfile /Users/yeison/Desktop/proyectos/ChatTiempoRealKonecta/BackEnd/C:tmpnodejsnpm-cache/_logs/2025-05-22T09_22_47_320Z-debug-0.log
27 timing npm:load:logFile Completed in 84ms
28 timing npm:load:timers Completed in 0ms
29 timing npm:load:configScope Completed in 0ms
30 timing npm:load Completed in 520ms
31 timing command:run Completed in 247ms
32 verbose stack Error: Missing script: "dev"
32 verbose stack
32 verbose stack To see a list of scripts, run:
32 verbose stack   npm run
32 verbose stack     at RunScript.run (/usr/local/lib/node_modules/npm/lib/commands/run-script.js:93:13)
32 verbose stack     at async module.exports (/usr/local/lib/node_modules/npm/lib/cli.js:89:5)
33 verbose cwd /Users/yeison/Desktop/proyectos/ChatTiempoRealKonecta/BackEnd
34 verbose Darwin 24.4.0
35 verbose node v18.17.1
36 verbose npm  v9.6.7
37 error Missing script: "dev"
37 error
37 error To see a list of scripts, run:
37 error   npm run
38 verbose exit 1
39 timing npm Completed in 1136ms
40 verbose code 1
41 error A complete log of this run can be found in: /Users/yeison/Desktop/proyectos/ChatTiempoRealKonecta/BackEnd/C:tmpnodejsnpm-cache/_logs/2025-05-22T09_22_47_320Z-debug-0.log
