0 verbose cli /usr/local/bin/node /usr/local/bin/npm
1 info using npm@9.6.7
2 info using node@v18.17.1
3 timing npm:load:whichnode Completed in 3ms
4 timing config:load:defaults Completed in 7ms
5 timing config:load:file:/usr/local/lib/node_modules/npm/npmrc Completed in 1ms
6 timing config:load:builtin Completed in 1ms
7 timing config:load:cli Completed in 7ms
8 timing config:load:env Completed in 1ms
9 timing config:load:file:/Users/yeison/Desktop/proyectos/ChatTiempoRealKonecta/BackEnd/.npmrc Completed in 0ms
10 timing config:load:project Completed in 4ms
11 timing config:load:file:/Users/yeison/.npmrc Completed in 1ms
12 timing config:load:user Completed in 1ms
13 timing config:load:file:/usr/local/etc/npmrc Completed in 3ms
14 timing config:load:global Completed in 3ms
15 timing config:load:setEnvs Completed in 5ms
16 timing config:load Completed in 30ms
17 timing npm:load:configload Completed in 30ms
18 timing npm:load:mkdirpcache Completed in 1ms
19 timing npm:load:mkdirplogs Completed in 1ms
20 verbose title npm view socket.io description dist-tags.latest homepage version time
21 verbose argv "view" "--json" "--" "socket.io" "description" "dist-tags.latest" "homepage" "version" "time"
22 timing npm:load:setTitle Completed in 50ms
23 timing config:load:flatten Completed in 13ms
24 timing npm:load:display Completed in 15ms
25 verbose logfile logs-max:10 dir:/Users/yeison/Desktop/proyectos/ChatTiempoRealKonecta/BackEnd/C:tmpnodejsnpm-cache/_logs/2025-05-22T07_07_32_852Z-
26 verbose logfile /Users/yeison/Desktop/proyectos/ChatTiempoRealKonecta/BackEnd/C:tmpnodejsnpm-cache/_logs/2025-05-22T07_07_32_852Z-debug-0.log
27 timing npm:load:logFile Completed in 21ms
28 timing npm:load:timers Completed in 0ms
29 timing npm:load:configScope Completed in 1ms
30 timing npm:load Completed in 124ms
31 silly logfile done cleaning log files
32 http fetch GET 200 https://registry.npmjs.org/socket.io 665ms (cache miss)
33 timing command:view Completed in 880ms
34 verbose exit 0
35 timing npm Completed in 1283ms
36 info ok
