0 verbose cli /usr/local/bin/node /usr/local/bin/npm
1 info using npm@9.6.7
2 info using node@v18.17.1
3 timing npm:load:whichnode Completed in 2ms
4 timing config:load:defaults Completed in 3ms
5 timing config:load:file:/usr/local/lib/node_modules/npm/npmrc Completed in 1ms
6 timing config:load:builtin Completed in 1ms
7 timing config:load:cli Completed in 2ms
8 timing config:load:env Completed in 1ms
9 timing config:load:file:/Users/yeison/Desktop/proyectos/ChatTiempoRealKonecta/BackEnd/.npmrc Completed in 1ms
10 timing config:load:project Completed in 2ms
11 timing config:load:file:/Users/yeison/.npmrc Completed in 0ms
12 timing config:load:user Completed in 0ms
13 timing config:load:file:/usr/local/etc/npmrc Completed in 3ms
14 timing config:load:global Completed in 3ms
15 timing config:load:setEnvs Completed in 1ms
16 timing config:load Completed in 14ms
17 timing npm:load:configload Completed in 14ms
18 timing npm:load:mkdirpcache Completed in 0ms
19 timing npm:load:mkdirplogs Completed in 0ms
20 verbose title npm start
21 verbose argv "start"
22 timing npm:load:setTitle Completed in 32ms
23 timing config:load:flatten Completed in 7ms
24 timing npm:load:display Completed in 10ms
25 verbose logfile logs-max:10 dir:/Users/yeison/Desktop/proyectos/ChatTiempoRealKonecta/BackEnd/C:tmpnodejsnpm-cache/_logs/2025-05-22T09_35_38_230Z-
26 verbose logfile /Users/yeison/Desktop/proyectos/ChatTiempoRealKonecta/BackEnd/C:tmpnodejsnpm-cache/_logs/2025-05-22T09_35_38_230Z-debug-0.log
27 timing npm:load:logFile Completed in 16ms
28 timing npm:load:timers Completed in 0ms
29 timing npm:load:configScope Completed in 0ms
30 timing npm:load Completed in 75ms
31 silly logfile done cleaning log files
